18:45:39.719 [main]  INFO  com.intuit.karate - Karate version: 1.4.0-SNAPSHOT
18:45:40.062 [main]  INFO  c.intuit.karate.core.FeatureRuntime - found scenario at line: 2
18:45:41.894 [main]  DEBUG com.intuit.karate - request:
1 > GET https://reqres.in/api/users?page=2
1 > Host: reqres.in
1 > Connection: Keep-Alive
1 > User-Agent: Apache-HttpClient/4.5.14 (Java/17.0.6)
1 > Accept-Encoding: gzip,deflate


18:45:43.860 [main]  DEBUG com.intuit.karate - response time in milliseconds: 1956
1 < 200
1 < Date: Mon, 03 Apr 2023 13:16:20 GMT
1 < Content-Type: application/json; charset=utf-8
1 < Transfer-Encoding: chunked
1 < Connection: keep-alive
1 < X-Powered-By: Express
1 < Access-Control-Allow-Origin: *
1 < Etag: W/"406-ut0vzoCuidvyMf8arZpMpJ6ZRDw"
1 < Via: 1.1 vegur
1 < Cache-Control: max-age=14400
1 < CF-Cache-Status: HIT
1 < Age: 5598
1 < Report-To: {"endpoints":[{"url":"https:\/\/a.nel.cloudflare.com\/report\/v3?s=N5N41ZVtDqRhHBWG1iDGhlUoY%2FZe6UlJDx%2BtVlRz0Ab2qRc%2BiN6tOcBjG2EJYvXZaxj4qjjt3x75ALp4sV77OoBrw8xpR5SS5bi1QI52UnhHY5VR9fGlrU7coQ%3D%3D"}],"group":"cf-nel","max_age":604800}
1 < NEL: {"success_fraction":0,"report_to":"cf-nel","max_age":604800}
1 < Vary: Accept-Encoding
1 < Server: cloudflare
1 < CF-RAY: 7b2195e2d9ff3c00-BLR
{"page":2,"per_page":6,"total":12,"total_pages":2,"data":[{"id":7,"email":"michael.lawson@reqres.in","first_name":"Michael","last_name":"Lawson","avatar":"https://reqres.in/img/faces/7-image.jpg"},{"id":8,"email":"lindsay.ferguson@reqres.in","first_name":"Lindsay","last_name":"Ferguson","avatar":"https://reqres.in/img/faces/8-image.jpg"},{"id":9,"email":"tobias.funke@reqres.in","first_name":"Tobias","last_name":"Funke","avatar":"https://reqres.in/img/faces/9-image.jpg"},{"id":10,"email":"byron.fields@reqres.in","first_name":"Byron","last_name":"Fields","avatar":"https://reqres.in/img/faces/10-image.jpg"},{"id":11,"email":"george.edwards@reqres.in","first_name":"George","last_name":"Edwards","avatar":"https://reqres.in/img/faces/11-image.jpg"},{"id":12,"email":"rachel.howell@reqres.in","first_name":"Rachel","last_name":"Howell","avatar":"https://reqres.in/img/faces/12-image.jpg"}],"support":{"url":"https://reqres.in/#support-heading","text":"To keep ReqRes free, contributions towards server costs are appreciated!"}}

18:45:45.120 [main]  INFO  com.intuit.karate.Suite - <<pass>> feature 1 of 1 (0 remaining) testSuite/GET_reqres.feature
18:56:21.011 [main]  INFO  com.intuit.karate - Karate version: 1.4.0-SNAPSHOT
18:56:21.427 [main]  INFO  com.intuit.karate.Suite - backed up existing 'target\karate-reports' dir to: target\karate-reports_1680528381425
18:56:21.468 [main]  INFO  c.intuit.karate.core.FeatureRuntime - found scenario at line: 3
18:56:23.591 [main]  DEBUG com.intuit.karate - request:
1 > GET https://reqres.in/api/users?page=2
1 > Host: reqres.in
1 > Connection: Keep-Alive
1 > User-Agent: Apache-HttpClient/4.5.14 (Java/17.0.6)
1 > Accept-Encoding: gzip,deflate


18:56:28.071 [main]  DEBUG com.intuit.karate - response time in milliseconds: 4471
1 < 200
1 < Date: Mon, 03 Apr 2023 13:27:04 GMT
1 < Content-Type: application/json; charset=utf-8
1 < Transfer-Encoding: chunked
1 < Connection: keep-alive
1 < X-Powered-By: Express
1 < Access-Control-Allow-Origin: *
1 < Etag: W/"406-ut0vzoCuidvyMf8arZpMpJ6ZRDw"
1 < Via: 1.1 vegur
1 < Cache-Control: max-age=14400
1 < CF-Cache-Status: HIT
1 < Age: 6242
1 < Report-To: {"endpoints":[{"url":"https:\/\/a.nel.cloudflare.com\/report\/v3?s=8NPcFGF3IG42ZkAUlwty%2FngXbMHdNvfXBQt4f3puev3vGHmoDlVwx2oNHxxNCQrvgqrg0taCG%2B85l2pViZI%2BXg1CNG62t%2BojgbFz%2BsB8FsPqjOfu%2BxYIgb3gLA%3D%3D"}],"group":"cf-nel","max_age":604800}
1 < NEL: {"success_fraction":0,"report_to":"cf-nel","max_age":604800}
1 < Vary: Accept-Encoding
1 < Server: cloudflare
1 < CF-RAY: 7b21a59cf8533c13-BLR
{"page":2,"per_page":6,"total":12,"total_pages":2,"data":[{"id":7,"email":"michael.lawson@reqres.in","first_name":"Michael","last_name":"Lawson","avatar":"https://reqres.in/img/faces/7-image.jpg"},{"id":8,"email":"lindsay.ferguson@reqres.in","first_name":"Lindsay","last_name":"Ferguson","avatar":"https://reqres.in/img/faces/8-image.jpg"},{"id":9,"email":"tobias.funke@reqres.in","first_name":"Tobias","last_name":"Funke","avatar":"https://reqres.in/img/faces/9-image.jpg"},{"id":10,"email":"byron.fields@reqres.in","first_name":"Byron","last_name":"Fields","avatar":"https://reqres.in/img/faces/10-image.jpg"},{"id":11,"email":"george.edwards@reqres.in","first_name":"George","last_name":"Edwards","avatar":"https://reqres.in/img/faces/11-image.jpg"},{"id":12,"email":"rachel.howell@reqres.in","first_name":"Rachel","last_name":"Howell","avatar":"https://reqres.in/img/faces/12-image.jpg"}],"support":{"url":"https://reqres.in/#support-heading","text":"To keep ReqRes free, contributions towards server costs are appreciated!"}}

18:56:28.198 [main]  ERROR com.intuit.karate - testSuite/beforeTest.feature:6
* def dataids = data[*].id
js failed:
>>>>
01: data[*].id
<<<<
org.graalvm.polyglot.PolyglotException: SyntaxError: Unnamed:1:5 Expected an operand but found *
data[*].id
     ^

- org.graalvm.polyglot.Context.eval(Context.java:425)
- com.intuit.karate.graal.JsEngine.evalForValue(JsEngine.java:139)
- com.intuit.karate.graal.JsEngine.eval(JsEngine.java:135)
- com.intuit.karate.core.ScenarioEngine.evalJs(ScenarioEngine.java:1196)
- com.intuit.karate.core.ScenarioEngine.evalKarateExpression(ScenarioEngine.java:2149)
- com.intuit.karate.core.ScenarioEngine.evalKarateExpression(ScenarioEngine.java:2068)
- com.intuit.karate.core.ScenarioEngine.evalAndCastTo(ScenarioEngine.java:1257)

testSuite/beforeTest.feature:6
18:56:29.715 [main]  INFO  com.intuit.karate.Suite - <<fail>> feature 1 of 1 (0 remaining) testSuite/beforeTest.feature
18:57:02.863 [main]  INFO  com.intuit.karate - Karate version: 1.4.0-SNAPSHOT
18:57:03.233 [main]  INFO  com.intuit.karate.Suite - backed up existing 'target\karate-reports' dir to: target\karate-reports_1680528423225
18:57:03.282 [main]  INFO  c.intuit.karate.core.FeatureRuntime - found scenario at line: 3
18:57:05.398 [main]  DEBUG com.intuit.karate - request:
1 > GET https://reqres.in/api/users?page=2
1 > Host: reqres.in
1 > Connection: Keep-Alive
1 > User-Agent: Apache-HttpClient/4.5.14 (Java/17.0.6)
1 > Accept-Encoding: gzip,deflate


18:57:05.806 [main]  DEBUG com.intuit.karate - response time in milliseconds: 403
1 < 200
1 < Date: Mon, 03 Apr 2023 13:27:42 GMT
1 < Content-Type: application/json; charset=utf-8
1 < Transfer-Encoding: chunked
1 < Connection: keep-alive
1 < X-Powered-By: Express
1 < Access-Control-Allow-Origin: *
1 < Etag: W/"406-ut0vzoCuidvyMf8arZpMpJ6ZRDw"
1 < Via: 1.1 vegur
1 < Cache-Control: max-age=14400
1 < CF-Cache-Status: HIT
1 < Age: 6280
1 < Report-To: {"endpoints":[{"url":"https:\/\/a.nel.cloudflare.com\/report\/v3?s=dCs8Bi5P9AQbwXcrbKnqGQCCNB5%2FATj6VD5ZM79Dk335GJ3OJ7jY5%2BANF%2BL6Ofo%2Bdg52DTQtMWkdCksMKfJC0P29SvuVgw7FYFyUbkpOAhnOX1kTNB6mdKvO7g%3D%3D"}],"group":"cf-nel","max_age":604800}
1 < NEL: {"success_fraction":0,"report_to":"cf-nel","max_age":604800}
1 < Vary: Accept-Encoding
1 < Server: cloudflare
1 < CF-RAY: 7b21a68888bc3c13-BLR
{"page":2,"per_page":6,"total":12,"total_pages":2,"data":[{"id":7,"email":"michael.lawson@reqres.in","first_name":"Michael","last_name":"Lawson","avatar":"https://reqres.in/img/faces/7-image.jpg"},{"id":8,"email":"lindsay.ferguson@reqres.in","first_name":"Lindsay","last_name":"Ferguson","avatar":"https://reqres.in/img/faces/8-image.jpg"},{"id":9,"email":"tobias.funke@reqres.in","first_name":"Tobias","last_name":"Funke","avatar":"https://reqres.in/img/faces/9-image.jpg"},{"id":10,"email":"byron.fields@reqres.in","first_name":"Byron","last_name":"Fields","avatar":"https://reqres.in/img/faces/10-image.jpg"},{"id":11,"email":"george.edwards@reqres.in","first_name":"George","last_name":"Edwards","avatar":"https://reqres.in/img/faces/11-image.jpg"},{"id":12,"email":"rachel.howell@reqres.in","first_name":"Rachel","last_name":"Howell","avatar":"https://reqres.in/img/faces/12-image.jpg"}],"support":{"url":"https://reqres.in/#support-heading","text":"To keep ReqRes free, contributions towards server costs are appreciated!"}}

18:57:06.073 [main]  INFO  com.intuit.karate - [print] [
  7,
  8,
  9,
  10,
  11,
  12
]
 
18:57:07.346 [main]  INFO  com.intuit.karate.Suite - <<pass>> feature 1 of 1 (0 remaining) testSuite/beforeTest.feature
18:59:12.655 [main]  INFO  com.intuit.karate - Karate version: 1.4.0-SNAPSHOT
18:59:13.107 [main]  INFO  com.intuit.karate.Suite - backed up existing 'target\karate-reports' dir to: target\karate-reports_1680528553097
18:59:15.150 [main]  DEBUG com.intuit.karate - request:
1 > GET https://reqres.in/api/users?page=2
1 > Host: reqres.in
1 > Connection: Keep-Alive
1 > User-Agent: Apache-HttpClient/4.5.14 (Java/17.0.6)
1 > Accept-Encoding: gzip,deflate


18:59:15.596 [main]  DEBUG com.intuit.karate - response time in milliseconds: 438
1 < 200
1 < Date: Mon, 03 Apr 2023 13:29:52 GMT
1 < Content-Type: application/json; charset=utf-8
1 < Transfer-Encoding: chunked
1 < Connection: keep-alive
1 < X-Powered-By: Express
1 < Access-Control-Allow-Origin: *
1 < Etag: W/"406-ut0vzoCuidvyMf8arZpMpJ6ZRDw"
1 < Via: 1.1 vegur
1 < Cache-Control: max-age=14400
1 < CF-Cache-Status: HIT
1 < Age: 6410
1 < Report-To: {"endpoints":[{"url":"https:\/\/a.nel.cloudflare.com\/report\/v3?s=AceZkaAO3%2FmuaxUMSOSz83xhWK1rSAfg%2F34F%2F1cBcIlZ8CIyhGsmE8LyqJEcgKwebqUtNZhGABT1Y3bDfmMEcXko9%2F636VoRaVgqGmJg%2FtsuB8sWFW5HY8wvYA%3D%3D"}],"group":"cf-nel","max_age":604800}
1 < NEL: {"success_fraction":0,"report_to":"cf-nel","max_age":604800}
1 < Vary: Accept-Encoding
1 < Server: cloudflare
1 < CF-RAY: 7b21a9b40b7f3c07-BLR
{"page":2,"per_page":6,"total":12,"total_pages":2,"data":[{"id":7,"email":"michael.lawson@reqres.in","first_name":"Michael","last_name":"Lawson","avatar":"https://reqres.in/img/faces/7-image.jpg"},{"id":8,"email":"lindsay.ferguson@reqres.in","first_name":"Lindsay","last_name":"Ferguson","avatar":"https://reqres.in/img/faces/8-image.jpg"},{"id":9,"email":"tobias.funke@reqres.in","first_name":"Tobias","last_name":"Funke","avatar":"https://reqres.in/img/faces/9-image.jpg"},{"id":10,"email":"byron.fields@reqres.in","first_name":"Byron","last_name":"Fields","avatar":"https://reqres.in/img/faces/10-image.jpg"},{"id":11,"email":"george.edwards@reqres.in","first_name":"George","last_name":"Edwards","avatar":"https://reqres.in/img/faces/11-image.jpg"},{"id":12,"email":"rachel.howell@reqres.in","first_name":"Rachel","last_name":"Howell","avatar":"https://reqres.in/img/faces/12-image.jpg"}],"support":{"url":"https://reqres.in/#support-heading","text":"To keep ReqRes free, contributions towards server costs are appreciated!"}}

18:59:15.870 [main]  INFO  com.intuit.karate - [print] [
  7,
  8,
  9,
  10,
  11,
  12
]
 
18:59:15.890 [main]  INFO  com.intuit.karate - [print] [
  {
    "id": 7
  },
  {
    "id": 8
  },
  {
    "id": 9
  },
  {
    "id": 10
  },
  {
    "id": 11
  },
  {
    "id": 12
  }
]
 
18:59:17.144 [main]  INFO  com.intuit.karate.Suite - <<pass>> feature 1 of 1 (0 remaining) testSuite/beforeTest.feature
19:12:23.411 [main]  INFO  com.intuit.karate - Karate version: 1.4.0-SNAPSHOT
19:12:23.791 [main]  INFO  com.intuit.karate.Suite - backed up existing 'target\karate-reports' dir to: target\karate-reports_1680529343783
19:12:25.928 [main]  DEBUG com.intuit.karate - request:
1 > GET https://reqres.in/api/users?page=2
1 > Host: reqres.in
1 > Connection: Keep-Alive
1 > User-Agent: Apache-HttpClient/4.5.14 (Java/17.0.6)
1 > Accept-Encoding: gzip,deflate


19:12:26.313 [main]  DEBUG com.intuit.karate - response time in milliseconds: 381
1 < 200
1 < Date: Mon, 03 Apr 2023 13:43:02 GMT
1 < Content-Type: application/json; charset=utf-8
1 < Transfer-Encoding: chunked
1 < Connection: keep-alive
1 < X-Powered-By: Express
1 < Access-Control-Allow-Origin: *
1 < Etag: W/"406-ut0vzoCuidvyMf8arZpMpJ6ZRDw"
1 < Via: 1.1 vegur
1 < Cache-Control: max-age=14400
1 < CF-Cache-Status: HIT
1 < Age: 7200
1 < Report-To: {"endpoints":[{"url":"https:\/\/a.nel.cloudflare.com\/report\/v3?s=4yqXhs3dO2kecl%2Fulcm%2Flz%2BSbWtX%2F%2B%2FIK7z9G8GDHlIEFw2P00HKXKK5cjSqFHEnPTyOEf5f%2FCLHHIFC6QduFl5ECe2W9Xko7YKdQQo3XAty9%2FiwUCs375LVxg%3D%3D"}],"group":"cf-nel","max_age":604800}
1 < NEL: {"success_fraction":0,"report_to":"cf-nel","max_age":604800}
1 < Vary: Accept-Encoding
1 < Server: cloudflare
1 < CF-RAY: 7b21bd01bd3b83f3-BLR
{"page":2,"per_page":6,"total":12,"total_pages":2,"data":[{"id":7,"email":"michael.lawson@reqres.in","first_name":"Michael","last_name":"Lawson","avatar":"https://reqres.in/img/faces/7-image.jpg"},{"id":8,"email":"lindsay.ferguson@reqres.in","first_name":"Lindsay","last_name":"Ferguson","avatar":"https://reqres.in/img/faces/8-image.jpg"},{"id":9,"email":"tobias.funke@reqres.in","first_name":"Tobias","last_name":"Funke","avatar":"https://reqres.in/img/faces/9-image.jpg"},{"id":10,"email":"byron.fields@reqres.in","first_name":"Byron","last_name":"Fields","avatar":"https://reqres.in/img/faces/10-image.jpg"},{"id":11,"email":"george.edwards@reqres.in","first_name":"George","last_name":"Edwards","avatar":"https://reqres.in/img/faces/11-image.jpg"},{"id":12,"email":"rachel.howell@reqres.in","first_name":"Rachel","last_name":"Howell","avatar":"https://reqres.in/img/faces/12-image.jpg"}],"support":{"url":"https://reqres.in/#support-heading","text":"To keep ReqRes free, contributions towards server costs are appreciated!"}}

19:12:26.594 [main]  INFO  com.intuit.karate - [print] [
  7,
  8,
  9,
  10,
  11,
  12
]
 
19:12:26.610 [main]  INFO  com.intuit.karate - [print] [
  {
    "id": 7
  },
  {
    "id": 8
  },
  {
    "id": 9
  },
  {
    "id": 10
  },
  {
    "id": 11
  },
  {
    "id": 12
  }
]
 
19:12:26.624 [main]  ERROR com.intuit.karate.core.FeatureParser - not a valid feature file: testSuite/deleteid.feature - mismatched input '<EOF>' expecting {FEATURE_TAGS, FEATURE}
19:12:26.659 [main]  ERROR com.intuit.karate - testSuite/beforeTest.feature:10
* call read('deleteid.feature') createdids
js failed:
>>>>
01: read('deleteid.feature')
<<<<
org.graalvm.polyglot.PolyglotException: mismatched input '<EOF>' expecting {FEATURE_TAGS, FEATURE}
- com.intuit.karate.core.FeatureParser.parse(FeatureParser.java:74)
- com.intuit.karate.core.Feature.read(Feature.java:63)
- com.intuit.karate.core.ScenarioFileReader.readFile(ScenarioFileReader.java:65)
- com.intuit.karate.core.ScenarioEngine.lambda$new$0(ScenarioEngine.java:121)
- <js>.:program(Unnamed:1)

testSuite/beforeTest.feature:10
19:12:27.932 [main]  INFO  com.intuit.karate.Suite - <<fail>> feature 1 of 1 (0 remaining) testSuite/beforeTest.feature
19:13:36.336 [main]  INFO  com.intuit.karate - Karate version: 1.4.0-SNAPSHOT
19:13:36.752 [main]  INFO  com.intuit.karate.Suite - backed up existing 'target\karate-reports' dir to: target\karate-reports_1680529416744
19:13:38.866 [main]  DEBUG com.intuit.karate - request:
1 > GET https://reqres.in/api/users?page=2
1 > Host: reqres.in
1 > Connection: Keep-Alive
1 > User-Agent: Apache-HttpClient/4.5.14 (Java/17.0.6)
1 > Accept-Encoding: gzip,deflate


19:13:39.210 [main]  DEBUG com.intuit.karate - response time in milliseconds: 338
1 < 200
1 < Date: Mon, 03 Apr 2023 13:44:15 GMT
1 < Content-Type: application/json; charset=utf-8
1 < Transfer-Encoding: chunked
1 < Connection: keep-alive
1 < X-Powered-By: Express
1 < Access-Control-Allow-Origin: *
1 < Etag: W/"406-ut0vzoCuidvyMf8arZpMpJ6ZRDw"
1 < Via: 1.1 vegur
1 < Cache-Control: max-age=14400
1 < CF-Cache-Status: HIT
1 < Age: 42
1 < Report-To: {"endpoints":[{"url":"https:\/\/a.nel.cloudflare.com\/report\/v3?s=kkOA9urjDjAKtXB5XGOacN6N226Eq3egtla0XQ957yk%2FnaypfHEDbZOA2xa10YzdM2vHQv9A%2BCWgudNYqHsLNjh2EiT1%2BrELqyl3vwv1ktdZArW1z3EQLYsVRQ%3D%3D"}],"group":"cf-nel","max_age":604800}
1 < NEL: {"success_fraction":0,"report_to":"cf-nel","max_age":604800}
1 < Vary: Accept-Encoding
1 < Server: cloudflare
1 < CF-RAY: 7b21bec96d193c01-BLR
{"page":2,"per_page":6,"total":12,"total_pages":2,"data":[{"id":7,"email":"michael.lawson@reqres.in","first_name":"Michael","last_name":"Lawson","avatar":"https://reqres.in/img/faces/7-image.jpg"},{"id":8,"email":"lindsay.ferguson@reqres.in","first_name":"Lindsay","last_name":"Ferguson","avatar":"https://reqres.in/img/faces/8-image.jpg"},{"id":9,"email":"tobias.funke@reqres.in","first_name":"Tobias","last_name":"Funke","avatar":"https://reqres.in/img/faces/9-image.jpg"},{"id":10,"email":"byron.fields@reqres.in","first_name":"Byron","last_name":"Fields","avatar":"https://reqres.in/img/faces/10-image.jpg"},{"id":11,"email":"george.edwards@reqres.in","first_name":"George","last_name":"Edwards","avatar":"https://reqres.in/img/faces/11-image.jpg"},{"id":12,"email":"rachel.howell@reqres.in","first_name":"Rachel","last_name":"Howell","avatar":"https://reqres.in/img/faces/12-image.jpg"}],"support":{"url":"https://reqres.in/#support-heading","text":"To keep ReqRes free, contributions towards server costs are appreciated!"}}

19:13:39.486 [main]  INFO  com.intuit.karate - [print] [
  7,
  8,
  9,
  10,
  11,
  12
]
 
19:13:39.500 [main]  INFO  com.intuit.karate - [print] [
  {
    "id": 7
  },
  {
    "id": 8
  },
  {
    "id": 9
  },
  {
    "id": 10
  },
  {
    "id": 11
  },
  {
    "id": 12
  }
]
 
19:13:39.514 [main]  ERROR com.intuit.karate.core.FeatureParser - not a valid feature file: testSuite/deleteid.feature - mismatched input '<EOF>' expecting {FEATURE_TAGS, FEATURE}
19:13:39.555 [main]  ERROR com.intuit.karate - testSuite/beforeTest.feature:10
* def delid = call read('deleteid.feature') createdids
js failed:
>>>>
01: read('deleteid.feature')
<<<<
org.graalvm.polyglot.PolyglotException: mismatched input '<EOF>' expecting {FEATURE_TAGS, FEATURE}
- com.intuit.karate.core.FeatureParser.parse(FeatureParser.java:74)
- com.intuit.karate.core.Feature.read(Feature.java:63)
- com.intuit.karate.core.ScenarioFileReader.readFile(ScenarioFileReader.java:65)
- com.intuit.karate.core.ScenarioEngine.lambda$new$0(ScenarioEngine.java:121)
- <js>.:program(Unnamed:1)

testSuite/beforeTest.feature:10
19:13:40.851 [main]  INFO  com.intuit.karate.Suite - <<fail>> feature 1 of 1 (0 remaining) testSuite/beforeTest.feature
19:15:23.518 [main]  INFO  com.intuit.karate - Karate version: 1.4.0-SNAPSHOT
19:15:23.947 [main]  INFO  com.intuit.karate.Suite - backed up existing 'target\karate-reports' dir to: target\karate-reports_1680529523929
19:15:23.994 [main]  INFO  c.intuit.karate.core.FeatureRuntime - found scenario at line: 3
19:15:26.070 [main]  DEBUG com.intuit.karate - request:
1 > GET https://reqres.in/api/users?page=2
1 > Host: reqres.in
1 > Connection: Keep-Alive
1 > User-Agent: Apache-HttpClient/4.5.14 (Java/17.0.6)
1 > Accept-Encoding: gzip,deflate


19:15:26.413 [main]  DEBUG com.intuit.karate - response time in milliseconds: 333
1 < 200
1 < Date: Mon, 03 Apr 2023 13:46:02 GMT
1 < Content-Type: application/json; charset=utf-8
1 < Transfer-Encoding: chunked
1 < Connection: keep-alive
1 < X-Powered-By: Express
1 < Access-Control-Allow-Origin: *
1 < Etag: W/"406-ut0vzoCuidvyMf8arZpMpJ6ZRDw"
1 < Via: 1.1 vegur
1 < Cache-Control: max-age=14400
1 < CF-Cache-Status: HIT
1 < Age: 149
1 < Report-To: {"endpoints":[{"url":"https:\/\/a.nel.cloudflare.com\/report\/v3?s=d6i0E0p9%2FdNrZbfFHNYKHh33wNarMqbcPTYkhJ%2FxkKi5nL58Ien3ajJXzCsQj%2BBshTnf0Z%2BVwJr8tXEcDn%2BhFjMICaOGiON288bADR9or%2Bo%2BSSZRQW9POgwu7A%3D%3D"}],"group":"cf-nel","max_age":604800}
1 < NEL: {"success_fraction":0,"report_to":"cf-nel","max_age":604800}
1 < Vary: Accept-Encoding
1 < Server: cloudflare
1 < CF-RAY: 7b21c1676a263c0d-BLR
{"page":2,"per_page":6,"total":12,"total_pages":2,"data":[{"id":7,"email":"michael.lawson@reqres.in","first_name":"Michael","last_name":"Lawson","avatar":"https://reqres.in/img/faces/7-image.jpg"},{"id":8,"email":"lindsay.ferguson@reqres.in","first_name":"Lindsay","last_name":"Ferguson","avatar":"https://reqres.in/img/faces/8-image.jpg"},{"id":9,"email":"tobias.funke@reqres.in","first_name":"Tobias","last_name":"Funke","avatar":"https://reqres.in/img/faces/9-image.jpg"},{"id":10,"email":"byron.fields@reqres.in","first_name":"Byron","last_name":"Fields","avatar":"https://reqres.in/img/faces/10-image.jpg"},{"id":11,"email":"george.edwards@reqres.in","first_name":"George","last_name":"Edwards","avatar":"https://reqres.in/img/faces/11-image.jpg"},{"id":12,"email":"rachel.howell@reqres.in","first_name":"Rachel","last_name":"Howell","avatar":"https://reqres.in/img/faces/12-image.jpg"}],"support":{"url":"https://reqres.in/#support-heading","text":"To keep ReqRes free, contributions towards server costs are appreciated!"}}

19:15:26.692 [main]  INFO  com.intuit.karate - [print] [
  7,
  8,
  9,
  10,
  11,
  12
]
 
19:15:26.709 [main]  INFO  com.intuit.karate - [print] [
  {
    "id": 7
  },
  {
    "id": 8
  },
  {
    "id": 9
  },
  {
    "id": 10
  },
  {
    "id": 11
  },
  {
    "id": 12
  }
]
 
19:15:26.722 [main]  ERROR com.intuit.karate.core.FeatureParser - not a valid feature file: testSuite/deleteid.feature - mismatched input '<EOF>' expecting {FEATURE_TAGS, FEATURE}
19:15:26.751 [main]  ERROR com.intuit.karate - testSuite/beforeTest.feature:10
* def delid = call read('deleteid.feature') createdids
js failed:
>>>>
01: read('deleteid.feature')
<<<<
org.graalvm.polyglot.PolyglotException: mismatched input '<EOF>' expecting {FEATURE_TAGS, FEATURE}
- com.intuit.karate.core.FeatureParser.parse(FeatureParser.java:74)
- com.intuit.karate.core.Feature.read(Feature.java:63)
- com.intuit.karate.core.ScenarioFileReader.readFile(ScenarioFileReader.java:65)
- com.intuit.karate.core.ScenarioEngine.lambda$new$0(ScenarioEngine.java:121)
- <js>.:program(Unnamed:1)

testSuite/beforeTest.feature:10
19:15:28.023 [main]  INFO  com.intuit.karate.Suite - <<fail>> feature 1 of 1 (0 remaining) testSuite/beforeTest.feature
19:27:51.870 [main]  INFO  com.intuit.karate - Karate version: 1.4.0-SNAPSHOT
19:27:52.332 [main]  INFO  com.intuit.karate.Suite - backed up existing 'target\karate-reports' dir to: target\karate-reports_1680530272323
19:27:52.384 [main]  INFO  c.intuit.karate.core.FeatureRuntime - found scenario at line: 3
19:27:54.415 [main]  DEBUG com.intuit.karate - request:
1 > GET https://reqres.in/api/users?page=2
1 > Host: reqres.in
1 > Connection: Keep-Alive
1 > User-Agent: Apache-HttpClient/4.5.14 (Java/17.0.6)
1 > Accept-Encoding: gzip,deflate


19:27:54.890 [main]  DEBUG com.intuit.karate - response time in milliseconds: 475
1 < 200
1 < Date: Mon, 03 Apr 2023 13:58:31 GMT
1 < Content-Type: application/json; charset=utf-8
1 < Transfer-Encoding: chunked
1 < Connection: keep-alive
1 < X-Powered-By: Express
1 < Access-Control-Allow-Origin: *
1 < Etag: W/"406-ut0vzoCuidvyMf8arZpMpJ6ZRDw"
1 < Via: 1.1 vegur
1 < Cache-Control: max-age=14400
1 < CF-Cache-Status: HIT
1 < Age: 898
1 < Report-To: {"endpoints":[{"url":"https:\/\/a.nel.cloudflare.com\/report\/v3?s=iawbfke4vBunFeCCo5rLNN1MiuH8tRN0s441YAg0G6VhQsKe1VS5Fp3qTm4mzl%2F%2BggebJLlh%2BCi%2FxVHbSuLnf%2FTF7tlUwVkZ1qo%2ByCUbrzcX6cANA6xwH5TiOw%3D%3D"}],"group":"cf-nel","max_age":604800}
1 < NEL: {"success_fraction":0,"report_to":"cf-nel","max_age":604800}
1 < Vary: Accept-Encoding
1 < Server: cloudflare
1 < CF-RAY: 7b21d3ad497a83f3-BLR
{"page":2,"per_page":6,"total":12,"total_pages":2,"data":[{"id":7,"email":"michael.lawson@reqres.in","first_name":"Michael","last_name":"Lawson","avatar":"https://reqres.in/img/faces/7-image.jpg"},{"id":8,"email":"lindsay.ferguson@reqres.in","first_name":"Lindsay","last_name":"Ferguson","avatar":"https://reqres.in/img/faces/8-image.jpg"},{"id":9,"email":"tobias.funke@reqres.in","first_name":"Tobias","last_name":"Funke","avatar":"https://reqres.in/img/faces/9-image.jpg"},{"id":10,"email":"byron.fields@reqres.in","first_name":"Byron","last_name":"Fields","avatar":"https://reqres.in/img/faces/10-image.jpg"},{"id":11,"email":"george.edwards@reqres.in","first_name":"George","last_name":"Edwards","avatar":"https://reqres.in/img/faces/11-image.jpg"},{"id":12,"email":"rachel.howell@reqres.in","first_name":"Rachel","last_name":"Howell","avatar":"https://reqres.in/img/faces/12-image.jpg"}],"support":{"url":"https://reqres.in/#support-heading","text":"To keep ReqRes free, contributions towards server costs are appreciated!"}}

19:27:55.175 [main]  INFO  com.intuit.karate - [print] [
  7,
  8,
  9,
  10,
  11,
  12
]
 
19:27:55.192 [main]  INFO  com.intuit.karate - [print] [
  {
    "id": 7
  },
  {
    "id": 8
  },
  {
    "id": 9
  },
  {
    "id": 10
  },
  {
    "id": 11
  },
  {
    "id": 12
  }
]
 
19:27:55.211 [main]  ERROR com.intuit.karate.core.FeatureParser - not a valid feature file: testSuite/deleteid.feature - mismatched input '<EOF>' expecting {FEATURE_TAGS, FEATURE}
19:27:55.242 [main]  ERROR com.intuit.karate - testSuite/beforeTest.feature:10
* def delid = call read('deleteid.feature') createdids
js failed:
>>>>
01: read('deleteid.feature')
<<<<
org.graalvm.polyglot.PolyglotException: mismatched input '<EOF>' expecting {FEATURE_TAGS, FEATURE}
- com.intuit.karate.core.FeatureParser.parse(FeatureParser.java:74)
- com.intuit.karate.core.Feature.read(Feature.java:63)
- com.intuit.karate.core.ScenarioFileReader.readFile(ScenarioFileReader.java:65)
- com.intuit.karate.core.ScenarioEngine.lambda$new$0(ScenarioEngine.java:121)
- <js>.:program(Unnamed:1)

testSuite/beforeTest.feature:10
19:27:56.517 [main]  INFO  com.intuit.karate.Suite - <<fail>> feature 1 of 1 (0 remaining) testSuite/beforeTest.feature
19:29:08.156 [main]  INFO  com.intuit.karate - Karate version: 1.4.0-SNAPSHOT
19:29:08.560 [main]  INFO  com.intuit.karate.Suite - backed up existing 'target\karate-reports' dir to: target\karate-reports_1680530348550
19:29:08.602 [main]  INFO  c.intuit.karate.core.FeatureRuntime - found scenario at line: 3
19:29:10.663 [main]  DEBUG com.intuit.karate - request:
1 > GET https://reqres.in/api/users?page=2
1 > Host: reqres.in
1 > Connection: Keep-Alive
1 > User-Agent: Apache-HttpClient/4.5.14 (Java/17.0.6)
1 > Accept-Encoding: gzip,deflate


19:29:10.991 [main]  DEBUG com.intuit.karate - response time in milliseconds: 321
1 < 200
1 < Date: Mon, 03 Apr 2023 13:59:47 GMT
1 < Content-Type: application/json; charset=utf-8
1 < Transfer-Encoding: chunked
1 < Connection: keep-alive
1 < X-Powered-By: Express
1 < Access-Control-Allow-Origin: *
1 < Etag: W/"406-ut0vzoCuidvyMf8arZpMpJ6ZRDw"
1 < Via: 1.1 vegur
1 < Cache-Control: max-age=14400
1 < CF-Cache-Status: HIT
1 < Age: 974
1 < Report-To: {"endpoints":[{"url":"https:\/\/a.nel.cloudflare.com\/report\/v3?s=pjTKTXaZ3ZvzINxkRqJf9xE6I58kbvPRLItqn0QSrP1Cdn4Gt65fpHOejF3bW6FXSypRMjU3R74JHOvMju4r%2Bu9rop2s4Jy%2FyNJn6Tw6ESkGNNVVCLJcQN1FoA%3D%3D"}],"group":"cf-nel","max_age":604800}
1 < NEL: {"success_fraction":0,"report_to":"cf-nel","max_age":604800}
1 < Vary: Accept-Encoding
1 < Server: cloudflare
1 < CF-RAY: 7b21d588d9313c01-BLR
{"page":2,"per_page":6,"total":12,"total_pages":2,"data":[{"id":7,"email":"michael.lawson@reqres.in","first_name":"Michael","last_name":"Lawson","avatar":"https://reqres.in/img/faces/7-image.jpg"},{"id":8,"email":"lindsay.ferguson@reqres.in","first_name":"Lindsay","last_name":"Ferguson","avatar":"https://reqres.in/img/faces/8-image.jpg"},{"id":9,"email":"tobias.funke@reqres.in","first_name":"Tobias","last_name":"Funke","avatar":"https://reqres.in/img/faces/9-image.jpg"},{"id":10,"email":"byron.fields@reqres.in","first_name":"Byron","last_name":"Fields","avatar":"https://reqres.in/img/faces/10-image.jpg"},{"id":11,"email":"george.edwards@reqres.in","first_name":"George","last_name":"Edwards","avatar":"https://reqres.in/img/faces/11-image.jpg"},{"id":12,"email":"rachel.howell@reqres.in","first_name":"Rachel","last_name":"Howell","avatar":"https://reqres.in/img/faces/12-image.jpg"}],"support":{"url":"https://reqres.in/#support-heading","text":"To keep ReqRes free, contributions towards server costs are appreciated!"}}

19:29:11.259 [main]  INFO  com.intuit.karate - [print] [
  7,
  8,
  9,
  10,
  11,
  12
]
 
19:29:11.273 [main]  INFO  com.intuit.karate - [print] [
  {
    "id": 7
  },
  {
    "id": 8
  },
  {
    "id": 9
  },
  {
    "id": 10
  },
  {
    "id": 11
  },
  {
    "id": 12
  }
]
 
19:29:11.289 [main]  ERROR com.intuit.karate.core.FeatureParser - not a valid feature file: testSuite/deleteid.feature - mismatched input '<EOF>' expecting {FEATURE_TAGS, FEATURE}
19:29:11.319 [main]  ERROR com.intuit.karate - testSuite/beforeTest.feature:10
* def delid = call read('deleteid.feature') createdids
js failed:
>>>>
01: read('deleteid.feature')
<<<<
org.graalvm.polyglot.PolyglotException: mismatched input '<EOF>' expecting {FEATURE_TAGS, FEATURE}
- com.intuit.karate.core.FeatureParser.parse(FeatureParser.java:74)
- com.intuit.karate.core.Feature.read(Feature.java:63)
- com.intuit.karate.core.ScenarioFileReader.readFile(ScenarioFileReader.java:65)
- com.intuit.karate.core.ScenarioEngine.lambda$new$0(ScenarioEngine.java:121)
- <js>.:program(Unnamed:1)

testSuite/beforeTest.feature:10
19:29:12.531 [main]  INFO  com.intuit.karate.Suite - <<fail>> feature 1 of 1 (0 remaining) testSuite/beforeTest.feature
19:31:43.698 [main]  INFO  com.intuit.karate - Karate version: 1.4.0-SNAPSHOT
19:31:44.117 [main]  INFO  com.intuit.karate.Suite - backed up existing 'target\karate-reports' dir to: target\karate-reports_1680530504108
19:31:44.172 [main]  INFO  c.intuit.karate.core.FeatureRuntime - found scenario at line: 3
19:31:46.244 [main]  DEBUG com.intuit.karate - request:
1 > GET https://reqres.in/api/users?page=2
1 > Host: reqres.in
1 > Connection: Keep-Alive
1 > User-Agent: Apache-HttpClient/4.5.14 (Java/17.0.6)
1 > Accept-Encoding: gzip,deflate


19:31:46.601 [main]  DEBUG com.intuit.karate - response time in milliseconds: 346
1 < 200
1 < Date: Mon, 03 Apr 2023 14:02:22 GMT
1 < Content-Type: application/json; charset=utf-8
1 < Transfer-Encoding: chunked
1 < Connection: keep-alive
1 < X-Powered-By: Express
1 < Access-Control-Allow-Origin: *
1 < Etag: W/"406-ut0vzoCuidvyMf8arZpMpJ6ZRDw"
1 < Via: 1.1 vegur
1 < Cache-Control: max-age=14400
1 < CF-Cache-Status: HIT
1 < Age: 1129
1 < Report-To: {"endpoints":[{"url":"https:\/\/a.nel.cloudflare.com\/report\/v3?s=w6Qz7qicc7FnpCsDRfFQUKLPagLDyjqGc1Vgh9lx67RiwEAOGZEe%2Fm1%2FwRA24MM9TnKcJUfa%2BtgAYk2Cd2Co8hxao47O73WICzyjZInAgpA%2Fzppzz8auqUZSAw%3D%3D"}],"group":"cf-nel","max_age":604800}
1 < NEL: {"success_fraction":0,"report_to":"cf-nel","max_age":604800}
1 < Vary: Accept-Encoding
1 < Server: cloudflare
1 < CF-RAY: 7b21d9555e593c0d-BLR
{"page":2,"per_page":6,"total":12,"total_pages":2,"data":[{"id":7,"email":"michael.lawson@reqres.in","first_name":"Michael","last_name":"Lawson","avatar":"https://reqres.in/img/faces/7-image.jpg"},{"id":8,"email":"lindsay.ferguson@reqres.in","first_name":"Lindsay","last_name":"Ferguson","avatar":"https://reqres.in/img/faces/8-image.jpg"},{"id":9,"email":"tobias.funke@reqres.in","first_name":"Tobias","last_name":"Funke","avatar":"https://reqres.in/img/faces/9-image.jpg"},{"id":10,"email":"byron.fields@reqres.in","first_name":"Byron","last_name":"Fields","avatar":"https://reqres.in/img/faces/10-image.jpg"},{"id":11,"email":"george.edwards@reqres.in","first_name":"George","last_name":"Edwards","avatar":"https://reqres.in/img/faces/11-image.jpg"},{"id":12,"email":"rachel.howell@reqres.in","first_name":"Rachel","last_name":"Howell","avatar":"https://reqres.in/img/faces/12-image.jpg"}],"support":{"url":"https://reqres.in/#support-heading","text":"To keep ReqRes free, contributions towards server costs are appreciated!"}}

19:31:46.871 [main]  INFO  com.intuit.karate - [print] [
  7,
  8,
  9,
  10,
  11,
  12
]
 
19:31:46.884 [main]  INFO  com.intuit.karate - [print] [
  {
    "id": 7
  },
  {
    "id": 8
  },
  {
    "id": 9
  },
  {
    "id": 10
  },
  {
    "id": 11
  },
  {
    "id": 12
  }
]
 
19:31:46.901 [main]  ERROR com.intuit.karate.core.FeatureParser - not a valid feature file: testSuite/deleteid.feature - mismatched input '<EOF>' expecting {FEATURE_TAGS, FEATURE}
19:31:46.934 [main]  ERROR com.intuit.karate - testSuite/beforeTest.feature:10
* def delid = call read('deleteid.feature') createdids
js failed:
>>>>
01: read('deleteid.feature')
<<<<
org.graalvm.polyglot.PolyglotException: mismatched input '<EOF>' expecting {FEATURE_TAGS, FEATURE}
- com.intuit.karate.core.FeatureParser.parse(FeatureParser.java:74)
- com.intuit.karate.core.Feature.read(Feature.java:63)
- com.intuit.karate.core.ScenarioFileReader.readFile(ScenarioFileReader.java:65)
- com.intuit.karate.core.ScenarioEngine.lambda$new$0(ScenarioEngine.java:121)
- <js>.:program(Unnamed:1)

testSuite/beforeTest.feature:10
19:31:48.199 [main]  INFO  com.intuit.karate.Suite - <<fail>> feature 1 of 1 (0 remaining) testSuite/beforeTest.feature
19:34:16.226 [main]  INFO  com.intuit.karate - Karate version: 1.4.0-SNAPSHOT
19:34:16.650 [main]  INFO  com.intuit.karate.Suite - backed up existing 'target\karate-reports' dir to: target\karate-reports_1680530656640
19:34:18.784 [main]  DEBUG com.intuit.karate - request:
1 > GET https://reqres.in/api/users?page=2
1 > Host: reqres.in
1 > Connection: Keep-Alive
1 > User-Agent: Apache-HttpClient/4.5.14 (Java/17.0.6)
1 > Accept-Encoding: gzip,deflate


19:34:19.170 [main]  DEBUG com.intuit.karate - response time in milliseconds: 383
1 < 200
1 < Date: Mon, 03 Apr 2023 14:04:55 GMT
1 < Content-Type: application/json; charset=utf-8
1 < Transfer-Encoding: chunked
1 < Connection: keep-alive
1 < X-Powered-By: Express
1 < Access-Control-Allow-Origin: *
1 < Etag: W/"406-ut0vzoCuidvyMf8arZpMpJ6ZRDw"
1 < Via: 1.1 vegur
1 < Cache-Control: max-age=14400
1 < CF-Cache-Status: HIT
1 < Age: 1282
1 < Report-To: {"endpoints":[{"url":"https:\/\/a.nel.cloudflare.com\/report\/v3?s=T3S%2FzmPCgHBUa4rpAYAByMgrGmkprt58E7bgIyf6vAQA6wbl9bqa3Q6SkIuYmSP7AwxG8gsMnOzWXZuiIFj43QLz9jk7cV8XsiUEcsoGxG1tnuOX%2FUbMovMOcg%3D%3D"}],"group":"cf-nel","max_age":604800}
1 < NEL: {"success_fraction":0,"report_to":"cf-nel","max_age":604800}
1 < Vary: Accept-Encoding
1 < Server: cloudflare
1 < CF-RAY: 7b21dd0ee8483c00-BLR
{"page":2,"per_page":6,"total":12,"total_pages":2,"data":[{"id":7,"email":"michael.lawson@reqres.in","first_name":"Michael","last_name":"Lawson","avatar":"https://reqres.in/img/faces/7-image.jpg"},{"id":8,"email":"lindsay.ferguson@reqres.in","first_name":"Lindsay","last_name":"Ferguson","avatar":"https://reqres.in/img/faces/8-image.jpg"},{"id":9,"email":"tobias.funke@reqres.in","first_name":"Tobias","last_name":"Funke","avatar":"https://reqres.in/img/faces/9-image.jpg"},{"id":10,"email":"byron.fields@reqres.in","first_name":"Byron","last_name":"Fields","avatar":"https://reqres.in/img/faces/10-image.jpg"},{"id":11,"email":"george.edwards@reqres.in","first_name":"George","last_name":"Edwards","avatar":"https://reqres.in/img/faces/11-image.jpg"},{"id":12,"email":"rachel.howell@reqres.in","first_name":"Rachel","last_name":"Howell","avatar":"https://reqres.in/img/faces/12-image.jpg"}],"support":{"url":"https://reqres.in/#support-heading","text":"To keep ReqRes free, contributions towards server costs are appreciated!"}}

19:34:19.456 [main]  INFO  com.intuit.karate - [print] [
  7,
  8,
  9,
  10,
  11,
  12
]
 
19:34:19.474 [main]  INFO  com.intuit.karate - [print] [
  {
    "id": 7
  },
  {
    "id": 8
  },
  {
    "id": 9
  },
  {
    "id": 10
  },
  {
    "id": 11
  },
  {
    "id": 12
  }
]
 
19:34:19.488 [main]  ERROR com.intuit.karate.core.FeatureParser - not a valid feature file: testSuite/deleteid.feature - mismatched input '<EOF>' expecting {FEATURE_TAGS, FEATURE}
19:34:19.521 [main]  ERROR com.intuit.karate - testSuite/beforeTest.feature:10
* def delid = call read('deleteid.feature') createdids
js failed:
>>>>
01: read('deleteid.feature')
<<<<
org.graalvm.polyglot.PolyglotException: mismatched input '<EOF>' expecting {FEATURE_TAGS, FEATURE}
- com.intuit.karate.core.FeatureParser.parse(FeatureParser.java:74)
- com.intuit.karate.core.Feature.read(Feature.java:63)
- com.intuit.karate.core.ScenarioFileReader.readFile(ScenarioFileReader.java:65)
- com.intuit.karate.core.ScenarioEngine.lambda$new$0(ScenarioEngine.java:121)
- <js>.:program(Unnamed:1)

testSuite/beforeTest.feature:10
19:34:20.834 [main]  INFO  com.intuit.karate.Suite - <<fail>> feature 1 of 1 (0 remaining) testSuite/beforeTest.feature
19:35:10.726 [main]  INFO  com.intuit.karate - Karate version: 1.4.0-SNAPSHOT
19:35:11.116 [main]  INFO  com.intuit.karate.Suite - backed up existing 'target\karate-reports' dir to: target\karate-reports_1680530711105
19:35:11.154 [main]  INFO  c.intuit.karate.core.FeatureRuntime - found scenario at line: 2
19:35:12.859 [main]  ERROR com.intuit.karate - testSuite/deleteid.feature:3
* url 'https://reqres.in/api/users/',id
js failed:
>>>>
01: 'https://reqres.in/api/users/',id
<<<<
org.graalvm.polyglot.PolyglotException: ReferenceError: "id" is not defined
- <js>.:program(Unnamed:1)

testSuite/deleteid.feature:3
19:35:14.066 [main]  INFO  com.intuit.karate.Suite - <<fail>> feature 1 of 1 (0 remaining) testSuite/deleteid.feature
19:35:30.065 [main]  INFO  com.intuit.karate - Karate version: 1.4.0-SNAPSHOT
19:35:30.446 [main]  INFO  com.intuit.karate.Suite - backed up existing 'target\karate-reports' dir to: target\karate-reports_1680530730439
19:35:32.519 [main]  DEBUG com.intuit.karate - request:
1 > GET https://reqres.in/api/users?page=2
1 > Host: reqres.in
1 > Connection: Keep-Alive
1 > User-Agent: Apache-HttpClient/4.5.14 (Java/17.0.6)
1 > Accept-Encoding: gzip,deflate


19:35:32.881 [main]  DEBUG com.intuit.karate - response time in milliseconds: 349
1 < 200
1 < Date: Mon, 03 Apr 2023 14:06:09 GMT
1 < Content-Type: application/json; charset=utf-8
1 < Transfer-Encoding: chunked
1 < Connection: keep-alive
1 < X-Powered-By: Express
1 < Access-Control-Allow-Origin: *
1 < Etag: W/"406-ut0vzoCuidvyMf8arZpMpJ6ZRDw"
1 < Via: 1.1 vegur
1 < Cache-Control: max-age=14400
1 < CF-Cache-Status: HIT
1 < Age: 1356
1 < Report-To: {"endpoints":[{"url":"https:\/\/a.nel.cloudflare.com\/report\/v3?s=peYFsPJ%2FNmWHDhZjpR5oo0BVTt3PWs9HzTPwfAWr5HFNQPPMwkd1RMtYLtSo5E6huo%2FY1%2BXvZvW2qFy6crsLJ4%2Fg58bisqNbuyV98Ms%2BSIkmkLhpzCOYW27f0g%3D%3D"}],"group":"cf-nel","max_age":604800}
1 < NEL: {"success_fraction":0,"report_to":"cf-nel","max_age":604800}
1 < Vary: Accept-Encoding
1 < Server: cloudflare
1 < CF-RAY: 7b21dedb9acf83f3-BLR
{"page":2,"per_page":6,"total":12,"total_pages":2,"data":[{"id":7,"email":"michael.lawson@reqres.in","first_name":"Michael","last_name":"Lawson","avatar":"https://reqres.in/img/faces/7-image.jpg"},{"id":8,"email":"lindsay.ferguson@reqres.in","first_name":"Lindsay","last_name":"Ferguson","avatar":"https://reqres.in/img/faces/8-image.jpg"},{"id":9,"email":"tobias.funke@reqres.in","first_name":"Tobias","last_name":"Funke","avatar":"https://reqres.in/img/faces/9-image.jpg"},{"id":10,"email":"byron.fields@reqres.in","first_name":"Byron","last_name":"Fields","avatar":"https://reqres.in/img/faces/10-image.jpg"},{"id":11,"email":"george.edwards@reqres.in","first_name":"George","last_name":"Edwards","avatar":"https://reqres.in/img/faces/11-image.jpg"},{"id":12,"email":"rachel.howell@reqres.in","first_name":"Rachel","last_name":"Howell","avatar":"https://reqres.in/img/faces/12-image.jpg"}],"support":{"url":"https://reqres.in/#support-heading","text":"To keep ReqRes free, contributions towards server costs are appreciated!"}}

19:35:33.177 [main]  INFO  com.intuit.karate - [print] [
  7,
  8,
  9,
  10,
  11,
  12
]
 
19:35:33.190 [main]  INFO  com.intuit.karate - [print] [
  {
    "id": 7
  },
  {
    "id": 8
  },
  {
    "id": 9
  },
  {
    "id": 10
  },
  {
    "id": 11
  },
  {
    "id": 12
  }
]
 
19:35:33.236 [main]  ERROR com.intuit.karate - org.apache.http.ProtocolException: Target host is not specified, http call failed after 0 milliseconds for url: 7
19:35:33.243 [main]  ERROR com.intuit.karate - testSuite/deleteid.feature:4
* method DELETE
http call failed after 0 milliseconds for url: 7
org.apache.http.ProtocolException: Target host is not specified
testSuite/deleteid.feature:4
19:35:33.252 [main]  ERROR com.intuit.karate - testSuite/beforeTest.feature:9
* def delid = call read('deleteid.feature') createdids
feature call loop failed at index: 0, http call failed after 0 milliseconds for url: 7
org.apache.http.ProtocolException: Target host is not specified
testSuite/deleteid.feature:4
19:35:33.266 [main]  ERROR com.intuit.karate - org.apache.http.ProtocolException: Target host is not specified, http call failed after 1 milliseconds for url: 8
19:35:33.267 [main]  ERROR com.intuit.karate - testSuite/deleteid.feature:4
* method DELETE
http call failed after 1 milliseconds for url: 8
org.apache.http.ProtocolException: Target host is not specified
testSuite/deleteid.feature:4
19:35:33.267 [main]  ERROR com.intuit.karate - testSuite/beforeTest.feature:9
* def delid = call read('deleteid.feature') createdids
feature call loop failed at index: 1, http call failed after 1 milliseconds for url: 8
org.apache.http.ProtocolException: Target host is not specified
testSuite/deleteid.feature:4
19:35:33.279 [main]  ERROR com.intuit.karate - org.apache.http.ProtocolException: Target host is not specified, http call failed after 0 milliseconds for url: 9
19:35:33.279 [main]  ERROR com.intuit.karate - testSuite/deleteid.feature:4
* method DELETE
http call failed after 0 milliseconds for url: 9
org.apache.http.ProtocolException: Target host is not specified
testSuite/deleteid.feature:4
19:35:33.279 [main]  ERROR com.intuit.karate - testSuite/beforeTest.feature:9
* def delid = call read('deleteid.feature') createdids
feature call loop failed at index: 2, http call failed after 0 milliseconds for url: 9
org.apache.http.ProtocolException: Target host is not specified
testSuite/deleteid.feature:4
19:35:33.292 [main]  ERROR com.intuit.karate - org.apache.http.ProtocolException: Target host is not specified, http call failed after 1 milliseconds for url: 10
19:35:33.292 [main]  ERROR com.intuit.karate - testSuite/deleteid.feature:4
* method DELETE
http call failed after 1 milliseconds for url: 10
org.apache.http.ProtocolException: Target host is not specified
testSuite/deleteid.feature:4
19:35:33.292 [main]  ERROR com.intuit.karate - testSuite/beforeTest.feature:9
* def delid = call read('deleteid.feature') createdids
feature call loop failed at index: 3, http call failed after 1 milliseconds for url: 10
org.apache.http.ProtocolException: Target host is not specified
testSuite/deleteid.feature:4
19:35:33.302 [main]  ERROR com.intuit.karate - org.apache.http.ProtocolException: Target host is not specified, http call failed after 0 milliseconds for url: 11
19:35:33.302 [main]  ERROR com.intuit.karate - testSuite/deleteid.feature:4
* method DELETE
http call failed after 0 milliseconds for url: 11
org.apache.http.ProtocolException: Target host is not specified
testSuite/deleteid.feature:4
19:35:33.302 [main]  ERROR com.intuit.karate - testSuite/beforeTest.feature:9
* def delid = call read('deleteid.feature') createdids
feature call loop failed at index: 4, http call failed after 0 milliseconds for url: 11
org.apache.http.ProtocolException: Target host is not specified
testSuite/deleteid.feature:4
19:35:33.315 [main]  ERROR com.intuit.karate - org.apache.http.ProtocolException: Target host is not specified, http call failed after 5 milliseconds for url: 12
19:35:33.315 [main]  ERROR com.intuit.karate - testSuite/deleteid.feature:4
* method DELETE
http call failed after 5 milliseconds for url: 12
org.apache.http.ProtocolException: Target host is not specified
testSuite/deleteid.feature:4
19:35:33.315 [main]  ERROR com.intuit.karate - testSuite/beforeTest.feature:9
* def delid = call read('deleteid.feature') createdids
feature call loop failed at index: 5, http call failed after 5 milliseconds for url: 12
org.apache.http.ProtocolException: Target host is not specified
testSuite/deleteid.feature:4
19:35:33.315 [main]  ERROR com.intuit.karate - testSuite/beforeTest.feature:9
* def delid = call read('deleteid.feature') createdids
feature call loop failed at index: 0, http call failed after 0 milliseconds for url: 7
org.apache.http.ProtocolException: Target host is not specified
testSuite/deleteid.feature:4
feature call loop failed at index: 1, http call failed after 1 milliseconds for url: 8
org.apache.http.ProtocolException: Target host is not specified
testSuite/deleteid.feature:4
feature call loop failed at index: 2, http call failed after 0 milliseconds for url: 9
org.apache.http.ProtocolException: Target host is not specified
testSuite/deleteid.feature:4
feature call loop failed at index: 3, http call failed after 1 milliseconds for url: 10
org.apache.http.ProtocolException: Target host is not specified
testSuite/deleteid.feature:4
feature call loop failed at index: 4, http call failed after 0 milliseconds for url: 11
org.apache.http.ProtocolException: Target host is not specified
testSuite/deleteid.feature:4
feature call loop failed at index: 5, http call failed after 5 milliseconds for url: 12
org.apache.http.ProtocolException: Target host is not specified
testSuite/deleteid.feature:4
testSuite/beforeTest.feature:9
19:35:34.826 [main]  INFO  com.intuit.karate.Suite - <<fail>> feature 1 of 1 (0 remaining) testSuite/beforeTest.feature
19:38:35.365 [main]  INFO  com.intuit.karate - Karate version: 1.4.0-SNAPSHOT
19:38:35.780 [main]  INFO  com.intuit.karate.Suite - backed up existing 'target\karate-reports' dir to: target\karate-reports_1680530915770
19:38:37.938 [main]  DEBUG com.intuit.karate - request:
1 > GET https://reqres.in/api/users?page=2
1 > Host: reqres.in
1 > Connection: Keep-Alive
1 > User-Agent: Apache-HttpClient/4.5.14 (Java/17.0.6)
1 > Accept-Encoding: gzip,deflate


19:38:38.277 [main]  DEBUG com.intuit.karate - response time in milliseconds: 335
1 < 200
1 < Date: Mon, 03 Apr 2023 14:09:14 GMT
1 < Content-Type: application/json; charset=utf-8
1 < Transfer-Encoding: chunked
1 < Connection: keep-alive
1 < X-Powered-By: Express
1 < Access-Control-Allow-Origin: *
1 < Etag: W/"406-ut0vzoCuidvyMf8arZpMpJ6ZRDw"
1 < Via: 1.1 vegur
1 < Cache-Control: max-age=14400
1 < CF-Cache-Status: HIT
1 < Age: 1541
1 < Report-To: {"endpoints":[{"url":"https:\/\/a.nel.cloudflare.com\/report\/v3?s=ksGX00ziyKLcEhPk%2Fd8e%2BoFeBOijwbNLDojbY9A8jdUop1K7M%2BTmUXfSWs092bKcF88sZv0qSp1tR%2BWNYchXfRYonR2Dix8lDNBlSFiGvZ4P%2BChO1qBcXR%2FeZw%3D%3D"}],"group":"cf-nel","max_age":604800}
1 < NEL: {"success_fraction":0,"report_to":"cf-nel","max_age":604800}
1 < Vary: Accept-Encoding
1 < Server: cloudflare
1 < CF-RAY: 7b21e36249ee3c06-BLR
{"page":2,"per_page":6,"total":12,"total_pages":2,"data":[{"id":7,"email":"michael.lawson@reqres.in","first_name":"Michael","last_name":"Lawson","avatar":"https://reqres.in/img/faces/7-image.jpg"},{"id":8,"email":"lindsay.ferguson@reqres.in","first_name":"Lindsay","last_name":"Ferguson","avatar":"https://reqres.in/img/faces/8-image.jpg"},{"id":9,"email":"tobias.funke@reqres.in","first_name":"Tobias","last_name":"Funke","avatar":"https://reqres.in/img/faces/9-image.jpg"},{"id":10,"email":"byron.fields@reqres.in","first_name":"Byron","last_name":"Fields","avatar":"https://reqres.in/img/faces/10-image.jpg"},{"id":11,"email":"george.edwards@reqres.in","first_name":"George","last_name":"Edwards","avatar":"https://reqres.in/img/faces/11-image.jpg"},{"id":12,"email":"rachel.howell@reqres.in","first_name":"Rachel","last_name":"Howell","avatar":"https://reqres.in/img/faces/12-image.jpg"}],"support":{"url":"https://reqres.in/#support-heading","text":"To keep ReqRes free, contributions towards server costs are appreciated!"}}

19:38:38.565 [main]  INFO  com.intuit.karate - [print] [
  7,
  8,
  9,
  10,
  11,
  12
]
 
19:38:38.580 [main]  INFO  com.intuit.karate - [print] [
  {
    "id": 7
  },
  {
    "id": 8
  },
  {
    "id": 9
  },
  {
    "id": 10
  },
  {
    "id": 11
  },
  {
    "id": 12
  }
]
 
19:38:38.627 [main]  ERROR com.intuit.karate - org.apache.http.ProtocolException: Target host is not specified, http call failed after 0 milliseconds for url: 7
19:38:38.636 [main]  ERROR com.intuit.karate - testSuite/deleteid.feature:4
* method DELETE
http call failed after 0 milliseconds for url: 7
org.apache.http.ProtocolException: Target host is not specified
testSuite/deleteid.feature:4
19:38:38.645 [main]  ERROR com.intuit.karate - testSuite/beforeTest.feature:9
* def delid = call read('deleteid.feature') createdids
feature call loop failed at index: 0, http call failed after 0 milliseconds for url: 7
org.apache.http.ProtocolException: Target host is not specified
testSuite/deleteid.feature:4
19:38:38.655 [main]  ERROR com.intuit.karate - org.apache.http.ProtocolException: Target host is not specified, http call failed after 0 milliseconds for url: 8
19:38:38.655 [main]  ERROR com.intuit.karate - testSuite/deleteid.feature:4
* method DELETE
http call failed after 0 milliseconds for url: 8
org.apache.http.ProtocolException: Target host is not specified
testSuite/deleteid.feature:4
19:38:38.655 [main]  ERROR com.intuit.karate - testSuite/beforeTest.feature:9
* def delid = call read('deleteid.feature') createdids
feature call loop failed at index: 1, http call failed after 0 milliseconds for url: 8
org.apache.http.ProtocolException: Target host is not specified
testSuite/deleteid.feature:4
19:38:38.669 [main]  ERROR com.intuit.karate - org.apache.http.ProtocolException: Target host is not specified, http call failed after 2 milliseconds for url: 9
19:38:38.669 [main]  ERROR com.intuit.karate - testSuite/deleteid.feature:4
* method DELETE
http call failed after 2 milliseconds for url: 9
org.apache.http.ProtocolException: Target host is not specified
testSuite/deleteid.feature:4
19:38:38.669 [main]  ERROR com.intuit.karate - testSuite/beforeTest.feature:9
* def delid = call read('deleteid.feature') createdids
feature call loop failed at index: 2, http call failed after 2 milliseconds for url: 9
org.apache.http.ProtocolException: Target host is not specified
testSuite/deleteid.feature:4
19:38:38.677 [main]  ERROR com.intuit.karate - org.apache.http.ProtocolException: Target host is not specified, http call failed after 0 milliseconds for url: 10
19:38:38.677 [main]  ERROR com.intuit.karate - testSuite/deleteid.feature:4
* method DELETE
http call failed after 0 milliseconds for url: 10
org.apache.http.ProtocolException: Target host is not specified
testSuite/deleteid.feature:4
19:38:38.682 [main]  ERROR com.intuit.karate - testSuite/beforeTest.feature:9
* def delid = call read('deleteid.feature') createdids
feature call loop failed at index: 3, http call failed after 0 milliseconds for url: 10
org.apache.http.ProtocolException: Target host is not specified
testSuite/deleteid.feature:4
19:38:38.694 [main]  ERROR com.intuit.karate - org.apache.http.ProtocolException: Target host is not specified, http call failed after 5 milliseconds for url: 11
19:38:38.694 [main]  ERROR com.intuit.karate - testSuite/deleteid.feature:4
* method DELETE
http call failed after 5 milliseconds for url: 11
org.apache.http.ProtocolException: Target host is not specified
testSuite/deleteid.feature:4
19:38:38.694 [main]  ERROR com.intuit.karate - testSuite/beforeTest.feature:9
* def delid = call read('deleteid.feature') createdids
feature call loop failed at index: 4, http call failed after 5 milliseconds for url: 11
org.apache.http.ProtocolException: Target host is not specified
testSuite/deleteid.feature:4
19:38:38.702 [main]  ERROR com.intuit.karate - org.apache.http.ProtocolException: Target host is not specified, http call failed after 0 milliseconds for url: 12
19:38:38.702 [main]  ERROR com.intuit.karate - testSuite/deleteid.feature:4
* method DELETE
http call failed after 0 milliseconds for url: 12
org.apache.http.ProtocolException: Target host is not specified
testSuite/deleteid.feature:4
19:38:38.702 [main]  ERROR com.intuit.karate - testSuite/beforeTest.feature:9
* def delid = call read('deleteid.feature') createdids
feature call loop failed at index: 5, http call failed after 0 milliseconds for url: 12
org.apache.http.ProtocolException: Target host is not specified
testSuite/deleteid.feature:4
19:38:38.702 [main]  ERROR com.intuit.karate - testSuite/beforeTest.feature:9
* def delid = call read('deleteid.feature') createdids
feature call loop failed at index: 0, http call failed after 0 milliseconds for url: 7
org.apache.http.ProtocolException: Target host is not specified
testSuite/deleteid.feature:4
feature call loop failed at index: 1, http call failed after 0 milliseconds for url: 8
org.apache.http.ProtocolException: Target host is not specified
testSuite/deleteid.feature:4
feature call loop failed at index: 2, http call failed after 2 milliseconds for url: 9
org.apache.http.ProtocolException: Target host is not specified
testSuite/deleteid.feature:4
feature call loop failed at index: 3, http call failed after 0 milliseconds for url: 10
org.apache.http.ProtocolException: Target host is not specified
testSuite/deleteid.feature:4
feature call loop failed at index: 4, http call failed after 5 milliseconds for url: 11
org.apache.http.ProtocolException: Target host is not specified
testSuite/deleteid.feature:4
feature call loop failed at index: 5, http call failed after 0 milliseconds for url: 12
org.apache.http.ProtocolException: Target host is not specified
testSuite/deleteid.feature:4
testSuite/beforeTest.feature:9
19:38:40.236 [main]  INFO  com.intuit.karate.Suite - <<fail>> feature 1 of 1 (0 remaining) testSuite/beforeTest.feature
19:39:12.154 [main]  INFO  com.intuit.karate - Karate version: 1.4.0-SNAPSHOT
19:39:12.564 [main]  INFO  com.intuit.karate.Suite - backed up existing 'target\karate-reports' dir to: target\karate-reports_1680530952544
19:39:14.980 [main]  DEBUG com.intuit.karate - request:
1 > GET https://reqres.in/api/users?page=2
1 > Host: reqres.in
1 > Connection: Keep-Alive
1 > User-Agent: Apache-HttpClient/4.5.14 (Java/17.0.6)
1 > Accept-Encoding: gzip,deflate


19:39:15.327 [main]  DEBUG com.intuit.karate - response time in milliseconds: 347
1 < 200
1 < Date: Mon, 03 Apr 2023 14:09:51 GMT
1 < Content-Type: application/json; charset=utf-8
1 < Transfer-Encoding: chunked
1 < Connection: keep-alive
1 < X-Powered-By: Express
1 < Access-Control-Allow-Origin: *
1 < Etag: W/"406-ut0vzoCuidvyMf8arZpMpJ6ZRDw"
1 < Via: 1.1 vegur
1 < Cache-Control: max-age=14400
1 < CF-Cache-Status: HIT
1 < Age: 1578
1 < Report-To: {"endpoints":[{"url":"https:\/\/a.nel.cloudflare.com\/report\/v3?s=vVpYFxa2T30gHbbAoMgpyBl1TRWPeIQ77inb25LkNpc7BHAMzO5ZLHttUgd9vPdkPN8HhCHaKkb9%2FsXNLVbShgaM7sROhXghPt1PZgmLT4DIvTTMu7RUxpbb3g%3D%3D"}],"group":"cf-nel","max_age":604800}
1 < NEL: {"success_fraction":0,"report_to":"cf-nel","max_age":604800}
1 < Vary: Accept-Encoding
1 < Server: cloudflare
1 < CF-RAY: 7b21e449d98a3c13-BLR
{"page":2,"per_page":6,"total":12,"total_pages":2,"data":[{"id":7,"email":"michael.lawson@reqres.in","first_name":"Michael","last_name":"Lawson","avatar":"https://reqres.in/img/faces/7-image.jpg"},{"id":8,"email":"lindsay.ferguson@reqres.in","first_name":"Lindsay","last_name":"Ferguson","avatar":"https://reqres.in/img/faces/8-image.jpg"},{"id":9,"email":"tobias.funke@reqres.in","first_name":"Tobias","last_name":"Funke","avatar":"https://reqres.in/img/faces/9-image.jpg"},{"id":10,"email":"byron.fields@reqres.in","first_name":"Byron","last_name":"Fields","avatar":"https://reqres.in/img/faces/10-image.jpg"},{"id":11,"email":"george.edwards@reqres.in","first_name":"George","last_name":"Edwards","avatar":"https://reqres.in/img/faces/11-image.jpg"},{"id":12,"email":"rachel.howell@reqres.in","first_name":"Rachel","last_name":"Howell","avatar":"https://reqres.in/img/faces/12-image.jpg"}],"support":{"url":"https://reqres.in/#support-heading","text":"To keep ReqRes free, contributions towards server costs are appreciated!"}}

19:39:15.597 [main]  INFO  com.intuit.karate - [print] [
  7,
  8,
  9,
  10,
  11,
  12
]
 
19:39:15.610 [main]  INFO  com.intuit.karate - [print] [
  {
    "id": 7
  },
  {
    "id": 8
  },
  {
    "id": 9
  },
  {
    "id": 10
  },
  {
    "id": 11
  },
  {
    "id": 12
  }
]
 
19:39:15.648 [main]  ERROR com.intuit.karate - org.apache.http.ProtocolException: Target host is not specified, http call failed after 1 milliseconds for url: 7
19:39:15.659 [main]  ERROR com.intuit.karate - testSuite/deleteid.feature:4
* method DELETE
http call failed after 1 milliseconds for url: 7
org.apache.http.ProtocolException: Target host is not specified
testSuite/deleteid.feature:4
19:39:15.667 [main]  ERROR com.intuit.karate - testSuite/beforeTest.feature:9
* def delid = call read('deleteid.feature') createdids
feature call loop failed at index: 0, http call failed after 1 milliseconds for url: 7
org.apache.http.ProtocolException: Target host is not specified
testSuite/deleteid.feature:4
19:39:15.677 [main]  ERROR com.intuit.karate - org.apache.http.ProtocolException: Target host is not specified, http call failed after 0 milliseconds for url: 8
19:39:15.677 [main]  ERROR com.intuit.karate - testSuite/deleteid.feature:4
* method DELETE
http call failed after 0 milliseconds for url: 8
org.apache.http.ProtocolException: Target host is not specified
testSuite/deleteid.feature:4
19:39:15.677 [main]  ERROR com.intuit.karate - testSuite/beforeTest.feature:9
* def delid = call read('deleteid.feature') createdids
feature call loop failed at index: 1, http call failed after 0 milliseconds for url: 8
org.apache.http.ProtocolException: Target host is not specified
testSuite/deleteid.feature:4
19:39:15.687 [main]  ERROR com.intuit.karate - org.apache.http.ProtocolException: Target host is not specified, http call failed after 0 milliseconds for url: 9
19:39:15.687 [main]  ERROR com.intuit.karate - testSuite/deleteid.feature:4
* method DELETE
http call failed after 0 milliseconds for url: 9
org.apache.http.ProtocolException: Target host is not specified
testSuite/deleteid.feature:4
19:39:15.687 [main]  ERROR com.intuit.karate - testSuite/beforeTest.feature:9
* def delid = call read('deleteid.feature') createdids
feature call loop failed at index: 2, http call failed after 0 milliseconds for url: 9
org.apache.http.ProtocolException: Target host is not specified
testSuite/deleteid.feature:4
19:39:15.700 [main]  ERROR com.intuit.karate - org.apache.http.ProtocolException: Target host is not specified, http call failed after 0 milliseconds for url: 10
19:39:15.700 [main]  ERROR com.intuit.karate - testSuite/deleteid.feature:4
* method DELETE
http call failed after 0 milliseconds for url: 10
org.apache.http.ProtocolException: Target host is not specified
testSuite/deleteid.feature:4
19:39:15.700 [main]  ERROR com.intuit.karate - testSuite/beforeTest.feature:9
* def delid = call read('deleteid.feature') createdids
feature call loop failed at index: 3, http call failed after 0 milliseconds for url: 10
org.apache.http.ProtocolException: Target host is not specified
testSuite/deleteid.feature:4
19:39:15.710 [main]  ERROR com.intuit.karate - org.apache.http.ProtocolException: Target host is not specified, http call failed after 0 milliseconds for url: 11
19:39:15.710 [main]  ERROR com.intuit.karate - testSuite/deleteid.feature:4
* method DELETE
http call failed after 0 milliseconds for url: 11
org.apache.http.ProtocolException: Target host is not specified
testSuite/deleteid.feature:4
19:39:15.710 [main]  ERROR com.intuit.karate - testSuite/beforeTest.feature:9
* def delid = call read('deleteid.feature') createdids
feature call loop failed at index: 4, http call failed after 0 milliseconds for url: 11
org.apache.http.ProtocolException: Target host is not specified
testSuite/deleteid.feature:4
19:39:15.725 [main]  ERROR com.intuit.karate - org.apache.http.ProtocolException: Target host is not specified, http call failed after 3 milliseconds for url: 12
19:39:15.725 [main]  ERROR com.intuit.karate - testSuite/deleteid.feature:4
* method DELETE
http call failed after 3 milliseconds for url: 12
org.apache.http.ProtocolException: Target host is not specified
testSuite/deleteid.feature:4
19:39:15.725 [main]  ERROR com.intuit.karate - testSuite/beforeTest.feature:9
* def delid = call read('deleteid.feature') createdids
feature call loop failed at index: 5, http call failed after 3 milliseconds for url: 12
org.apache.http.ProtocolException: Target host is not specified
testSuite/deleteid.feature:4
19:39:15.725 [main]  ERROR com.intuit.karate - testSuite/beforeTest.feature:9
* def delid = call read('deleteid.feature') createdids
feature call loop failed at index: 0, http call failed after 1 milliseconds for url: 7
org.apache.http.ProtocolException: Target host is not specified
testSuite/deleteid.feature:4
feature call loop failed at index: 1, http call failed after 0 milliseconds for url: 8
org.apache.http.ProtocolException: Target host is not specified
testSuite/deleteid.feature:4
feature call loop failed at index: 2, http call failed after 0 milliseconds for url: 9
org.apache.http.ProtocolException: Target host is not specified
testSuite/deleteid.feature:4
feature call loop failed at index: 3, http call failed after 0 milliseconds for url: 10
org.apache.http.ProtocolException: Target host is not specified
testSuite/deleteid.feature:4
feature call loop failed at index: 4, http call failed after 0 milliseconds for url: 11
org.apache.http.ProtocolException: Target host is not specified
testSuite/deleteid.feature:4
feature call loop failed at index: 5, http call failed after 3 milliseconds for url: 12
org.apache.http.ProtocolException: Target host is not specified
testSuite/deleteid.feature:4
testSuite/beforeTest.feature:9
19:39:17.305 [main]  INFO  com.intuit.karate.Suite - <<fail>> feature 1 of 1 (0 remaining) testSuite/beforeTest.feature
19:41:09.257 [main]  INFO  com.intuit.karate - Karate version: 1.4.0-SNAPSHOT
19:41:09.671 [main]  INFO  com.intuit.karate.Suite - backed up existing 'target\karate-reports' dir to: target\karate-reports_1680531069663
19:41:09.714 [main]  INFO  c.intuit.karate.core.FeatureRuntime - found scenario at line: 2
19:41:12.079 [main]  DEBUG com.intuit.karate - request:
1 > GET https://reqres.in/api/users?page=2
1 > Host: reqres.in
1 > Connection: Keep-Alive
1 > User-Agent: Apache-HttpClient/4.5.14 (Java/17.0.6)
1 > Accept-Encoding: gzip,deflate


19:41:12.445 [main]  DEBUG com.intuit.karate - response time in milliseconds: 352
1 < 200
1 < Date: Mon, 03 Apr 2023 14:11:48 GMT
1 < Content-Type: application/json; charset=utf-8
1 < Transfer-Encoding: chunked
1 < Connection: keep-alive
1 < X-Powered-By: Express
1 < Access-Control-Allow-Origin: *
1 < Etag: W/"406-ut0vzoCuidvyMf8arZpMpJ6ZRDw"
1 < Via: 1.1 vegur
1 < Cache-Control: max-age=14400
1 < CF-Cache-Status: HIT
1 < Age: 1695
1 < Report-To: {"endpoints":[{"url":"https:\/\/a.nel.cloudflare.com\/report\/v3?s=iqMIm%2FKJLad4Co7YkZZg2hmAO6%2FHv4sG9dDIQX9HjImM01QOerUySxeXLqWTEHHM1bBL4o7Mgpm7FAl4Ttcnb4Ynyh0SOSbpYm9R8%2BlFdnZI8QR8QWolXn3hsQ%3D%3D"}],"group":"cf-nel","max_age":604800}
1 < NEL: {"success_fraction":0,"report_to":"cf-nel","max_age":604800}
1 < Vary: Accept-Encoding
1 < Server: cloudflare
1 < CF-RAY: 7b21e725c8a03c07-BLR
{"page":2,"per_page":6,"total":12,"total_pages":2,"data":[{"id":7,"email":"michael.lawson@reqres.in","first_name":"Michael","last_name":"Lawson","avatar":"https://reqres.in/img/faces/7-image.jpg"},{"id":8,"email":"lindsay.ferguson@reqres.in","first_name":"Lindsay","last_name":"Ferguson","avatar":"https://reqres.in/img/faces/8-image.jpg"},{"id":9,"email":"tobias.funke@reqres.in","first_name":"Tobias","last_name":"Funke","avatar":"https://reqres.in/img/faces/9-image.jpg"},{"id":10,"email":"byron.fields@reqres.in","first_name":"Byron","last_name":"Fields","avatar":"https://reqres.in/img/faces/10-image.jpg"},{"id":11,"email":"george.edwards@reqres.in","first_name":"George","last_name":"Edwards","avatar":"https://reqres.in/img/faces/11-image.jpg"},{"id":12,"email":"rachel.howell@reqres.in","first_name":"Rachel","last_name":"Howell","avatar":"https://reqres.in/img/faces/12-image.jpg"}],"support":{"url":"https://reqres.in/#support-heading","text":"To keep ReqRes free, contributions towards server costs are appreciated!"}}

19:41:12.734 [main]  INFO  com.intuit.karate - [print] [
  7,
  8,
  9,
  10,
  11,
  12
]
 
19:41:12.748 [main]  INFO  com.intuit.karate - [print] [
  {
    "id": 7
  },
  {
    "id": 8
  },
  {
    "id": 9
  },
  {
    "id": 10
  },
  {
    "id": 11
  },
  {
    "id": 12
  }
]
 
19:41:12.782 [main]  ERROR com.intuit.karate - testSuite/deleteid.feature:3
* Given url 'https://reqres.in/api/users',id
no step-definition method match found for: Given url 'https://reqres.in/api/users',id
testSuite/deleteid.feature:3
19:41:12.795 [main]  ERROR com.intuit.karate - testSuite/beforeTest.feature:9
* def delid = call read('deleteid.feature') createdids
feature call loop failed at index: 0, no step-definition method match found for: Given url 'https://reqres.in/api/users',id
testSuite/deleteid.feature:3
19:41:12.807 [main]  ERROR com.intuit.karate - testSuite/deleteid.feature:3
* Given url 'https://reqres.in/api/users',id
no step-definition method match found for: Given url 'https://reqres.in/api/users',id
testSuite/deleteid.feature:3
19:41:12.807 [main]  ERROR com.intuit.karate - testSuite/beforeTest.feature:9
* def delid = call read('deleteid.feature') createdids
feature call loop failed at index: 1, no step-definition method match found for: Given url 'https://reqres.in/api/users',id
testSuite/deleteid.feature:3
19:41:12.815 [main]  ERROR com.intuit.karate - testSuite/deleteid.feature:3
* Given url 'https://reqres.in/api/users',id
no step-definition method match found for: Given url 'https://reqres.in/api/users',id
testSuite/deleteid.feature:3
19:41:12.815 [main]  ERROR com.intuit.karate - testSuite/beforeTest.feature:9
* def delid = call read('deleteid.feature') createdids
feature call loop failed at index: 2, no step-definition method match found for: Given url 'https://reqres.in/api/users',id
testSuite/deleteid.feature:3
19:41:12.832 [main]  ERROR com.intuit.karate - testSuite/deleteid.feature:3
* Given url 'https://reqres.in/api/users',id
no step-definition method match found for: Given url 'https://reqres.in/api/users',id
testSuite/deleteid.feature:3
19:41:12.832 [main]  ERROR com.intuit.karate - testSuite/beforeTest.feature:9
* def delid = call read('deleteid.feature') createdids
feature call loop failed at index: 3, no step-definition method match found for: Given url 'https://reqres.in/api/users',id
testSuite/deleteid.feature:3
19:41:12.840 [main]  ERROR com.intuit.karate - testSuite/deleteid.feature:3
* Given url 'https://reqres.in/api/users',id
no step-definition method match found for: Given url 'https://reqres.in/api/users',id
testSuite/deleteid.feature:3
19:41:12.840 [main]  ERROR com.intuit.karate - testSuite/beforeTest.feature:9
* def delid = call read('deleteid.feature') createdids
feature call loop failed at index: 4, no step-definition method match found for: Given url 'https://reqres.in/api/users',id
testSuite/deleteid.feature:3
19:41:12.848 [main]  ERROR com.intuit.karate - testSuite/deleteid.feature:3
* Given url 'https://reqres.in/api/users',id
no step-definition method match found for: Given url 'https://reqres.in/api/users',id
testSuite/deleteid.feature:3
19:41:12.854 [main]  ERROR com.intuit.karate - testSuite/beforeTest.feature:9
* def delid = call read('deleteid.feature') createdids
feature call loop failed at index: 5, no step-definition method match found for: Given url 'https://reqres.in/api/users',id
testSuite/deleteid.feature:3
19:41:12.854 [main]  ERROR com.intuit.karate - testSuite/beforeTest.feature:9
* def delid = call read('deleteid.feature') createdids
feature call loop failed at index: 0, no step-definition method match found for: Given url 'https://reqres.in/api/users',id
testSuite/deleteid.feature:3
feature call loop failed at index: 1, no step-definition method match found for: Given url 'https://reqres.in/api/users',id
testSuite/deleteid.feature:3
feature call loop failed at index: 2, no step-definition method match found for: Given url 'https://reqres.in/api/users',id
testSuite/deleteid.feature:3
feature call loop failed at index: 3, no step-definition method match found for: Given url 'https://reqres.in/api/users',id
testSuite/deleteid.feature:3
feature call loop failed at index: 4, no step-definition method match found for: Given url 'https://reqres.in/api/users',id
testSuite/deleteid.feature:3
feature call loop failed at index: 5, no step-definition method match found for: Given url 'https://reqres.in/api/users',id
testSuite/deleteid.feature:3
testSuite/beforeTest.feature:9
19:41:14.191 [main]  INFO  com.intuit.karate.Suite - <<fail>> feature 1 of 1 (0 remaining) testSuite/beforeTest.feature
19:43:58.910 [main]  INFO  com.intuit.karate - Karate version: 1.4.0-SNAPSHOT
19:43:59.242 [main]  ERROR com.intuit.karate.core.FeatureParser - not a valid feature file: testSuite/createUser.feature - mismatched input '{' expecting <EOF>
19:44:16.370 [main]  INFO  com.intuit.karate - Karate version: 1.4.0-SNAPSHOT
19:44:16.701 [main]  ERROR com.intuit.karate.core.FeatureParser - not a valid feature file: testSuite/createUser.feature - mismatched input '{' expecting <EOF>
19:44:35.568 [main]  INFO  com.intuit.karate - Karate version: 1.4.0-SNAPSHOT
19:44:35.951 [main]  ERROR com.intuit.karate.core.FeatureParser - not a valid feature file: testSuite/createUser.feature - mismatched input '{' expecting <EOF>
19:45:11.322 [main]  INFO  com.intuit.karate - Karate version: 1.4.0-SNAPSHOT
19:45:11.682 [main]  ERROR com.intuit.karate.core.FeatureParser - not a valid feature file: testSuite/createUser.feature - mismatched input '{' expecting <EOF>
19:45:35.741 [main]  INFO  com.intuit.karate - Karate version: 1.4.0-SNAPSHOT
19:45:36.102 [main]  INFO  com.intuit.karate.Suite - backed up existing 'target\karate-reports' dir to: target\karate-reports_1680531336100
19:45:36.143 [main]  INFO  c.intuit.karate.core.FeatureRuntime - found scenario at line: 3
19:45:37.797 [main]  ERROR com.intuit.karate - testSuite/createUser.feature:5
* def request =
"""
{
"name": "morpheus",
"job": "leader"
}
"""
'request' is a reserved name, also use the form '* request <expression>' instead
testSuite/createUser.feature:5
19:45:39.029 [main]  INFO  com.intuit.karate.Suite - <<fail>> feature 1 of 1 (0 remaining) testSuite/createUser.feature
19:46:29.520 [main]  INFO  com.intuit.karate - Karate version: 1.4.0-SNAPSHOT
19:46:29.901 [main]  INFO  com.intuit.karate.Suite - backed up existing 'target\karate-reports' dir to: target\karate-reports_1680531389876
19:46:30.000 [main]  INFO  c.intuit.karate.core.FeatureRuntime - found scenario at line: 3
19:46:32.183 [main]  DEBUG com.intuit.karate - request:
1 > POST https://reqres.in/api/users
1 > Content-Type: application/json; charset=UTF-8
1 > Content-Length: 34
1 > Host: reqres.in
1 > Connection: Keep-Alive
1 > User-Agent: Apache-HttpClient/4.5.14 (Java/17.0.6)
1 > Accept-Encoding: gzip,deflate
{"name":"morpheus","job":"leader"}

19:46:32.889 [main]  DEBUG com.intuit.karate - response time in milliseconds: 702
1 < 201
1 < Date: Mon, 03 Apr 2023 14:17:09 GMT
1 < Content-Type: application/json; charset=utf-8
1 < Content-Length: 84
1 < Connection: keep-alive
1 < X-Powered-By: Express
1 < Access-Control-Allow-Origin: *
1 < Etag: W/"54-cNHjwdzInbOqOFu++Y7cQJBz27s"
1 < Via: 1.1 vegur
1 < CF-Cache-Status: DYNAMIC
1 < Report-To: {"endpoints":[{"url":"https:\/\/a.nel.cloudflare.com\/report\/v3?s=G1NvNIAS3GmZaz9wZWojFNdKMToaMRapheQfyXQYepesAFSslXlXcxJE3H%2BKZ2GK6SLJacxsYtQyxNvrC0oteP9q0o1jydMgNyl1wsUOm1W0VcvozKlcfMYFhg%3D%3D"}],"group":"cf-nel","max_age":604800}
1 < NEL: {"success_fraction":0,"report_to":"cf-nel","max_age":604800}
1 < Server: cloudflare
1 < CF-RAY: 7b21eef6bc523c06-BLR
{"name":"morpheus","job":"leader","id":"656","createdAt":"2023-04-03T14:17:09.149Z"}

19:46:34.289 [main]  INFO  com.intuit.karate.Suite - <<pass>> feature 1 of 1 (0 remaining) testSuite/createUser.feature
19:46:49.838 [main]  INFO  com.intuit.karate - Karate version: 1.4.0-SNAPSHOT
19:46:50.248 [main]  INFO  com.intuit.karate.Suite - backed up existing 'target\karate-reports' dir to: target\karate-reports_1680531410236
19:46:52.415 [main]  DEBUG com.intuit.karate - request:
1 > GET https://reqres.in/api/users?page=2
1 > Host: reqres.in
1 > Connection: Keep-Alive
1 > User-Agent: Apache-HttpClient/4.5.14 (Java/17.0.6)
1 > Accept-Encoding: gzip,deflate


19:46:52.872 [main]  DEBUG com.intuit.karate - response time in milliseconds: 447
1 < 200
1 < Date: Mon, 03 Apr 2023 14:17:29 GMT
1 < Content-Type: application/json; charset=utf-8
1 < Transfer-Encoding: chunked
1 < Connection: keep-alive
1 < X-Powered-By: Express
1 < Access-Control-Allow-Origin: *
1 < Etag: W/"406-ut0vzoCuidvyMf8arZpMpJ6ZRDw"
1 < Via: 1.1 vegur
1 < Cache-Control: max-age=14400
1 < CF-Cache-Status: HIT
1 < Age: 2036
1 < Report-To: {"endpoints":[{"url":"https:\/\/a.nel.cloudflare.com\/report\/v3?s=UKavrpFvm4TKqB0sx2qvYQwrALvlTUzQ1Bp4Xz%2FiCsy0QjHZEWLXy72M34NXRfDp1ijh5ELMSenHJqLTyKpCT4WKyVWoVs%2FpM1TljwWyp0kcsx3bbKpHUySERA%3D%3D"}],"group":"cf-nel","max_age":604800}
1 < NEL: {"success_fraction":0,"report_to":"cf-nel","max_age":604800}
1 < Vary: Accept-Encoding
1 < Server: cloudflare
1 < CF-RAY: 7b21ef7568463c0c-BLR
{"page":2,"per_page":6,"total":12,"total_pages":2,"data":[{"id":7,"email":"michael.lawson@reqres.in","first_name":"Michael","last_name":"Lawson","avatar":"https://reqres.in/img/faces/7-image.jpg"},{"id":8,"email":"lindsay.ferguson@reqres.in","first_name":"Lindsay","last_name":"Ferguson","avatar":"https://reqres.in/img/faces/8-image.jpg"},{"id":9,"email":"tobias.funke@reqres.in","first_name":"Tobias","last_name":"Funke","avatar":"https://reqres.in/img/faces/9-image.jpg"},{"id":10,"email":"byron.fields@reqres.in","first_name":"Byron","last_name":"Fields","avatar":"https://reqres.in/img/faces/10-image.jpg"},{"id":11,"email":"george.edwards@reqres.in","first_name":"George","last_name":"Edwards","avatar":"https://reqres.in/img/faces/11-image.jpg"},{"id":12,"email":"rachel.howell@reqres.in","first_name":"Rachel","last_name":"Howell","avatar":"https://reqres.in/img/faces/12-image.jpg"}],"support":{"url":"https://reqres.in/#support-heading","text":"To keep ReqRes free, contributions towards server costs are appreciated!"}}

19:46:54.400 [main]  INFO  com.intuit.karate.Suite - <<pass>> feature 1 of 1 (0 remaining) testSuite/GET_reqres.feature
19:47:32.542 [main]  INFO  com.intuit.karate - Karate version: 1.4.0-SNAPSHOT
19:47:32.882 [main]  INFO  com.intuit.karate.Suite - backed up existing 'target\karate-reports' dir to: target\karate-reports_1680531452876
19:47:34.564 [main]  ERROR com.intuit.karate - testSuite/deleteid.feature:3
* Given url 'https://reqres.in/api/users',2
no step-definition method match found for: Given url 'https://reqres.in/api/users',2
testSuite/deleteid.feature:3
19:47:35.876 [main]  INFO  com.intuit.karate.Suite - <<fail>> feature 1 of 1 (0 remaining) testSuite/deleteid.feature
19:47:51.930 [main]  INFO  com.intuit.karate - Karate version: 1.4.0-SNAPSHOT
19:47:52.287 [main]  INFO  com.intuit.karate.Suite - backed up existing 'target\karate-reports' dir to: target\karate-reports_1680531472272
19:47:53.909 [main]  ERROR com.intuit.karate - testSuite/deleteid.feature:3
* Given url 'https://reqres.in/api/users','2'
no step-definition method match found for: Given url 'https://reqres.in/api/users','2'
testSuite/deleteid.feature:3
19:47:55.252 [main]  INFO  com.intuit.karate.Suite - <<fail>> feature 1 of 1 (0 remaining) testSuite/deleteid.feature
19:48:38.841 [main]  INFO  com.intuit.karate - Karate version: 1.4.0-SNAPSHOT
19:48:39.269 [main]  INFO  com.intuit.karate.Suite - backed up existing 'target\karate-reports' dir to: target\karate-reports_1680531519244
19:48:41.071 [main]  ERROR com.intuit.karate - testSuite/deleteid.feature:3
* Given url 'https://reqres.in/'
no step-definition method match found for: Given url 'https://reqres.in/'
testSuite/deleteid.feature:3
19:48:42.665 [main]  INFO  com.intuit.karate.Suite - <<fail>> feature 1 of 1 (0 remaining) testSuite/deleteid.feature
19:49:14.845 [main]  INFO  com.intuit.karate - Karate version: 1.4.0-SNAPSHOT
19:49:15.221 [main]  INFO  com.intuit.karate.Suite - backed up existing 'target\karate-reports' dir to: target\karate-reports_1680531555205
19:49:17.121 [main]  ERROR com.intuit.karate - testSuite/deleteid.feature:3
* Given url 'https://reqres.in/'
no step-definition method match found for: Given url 'https://reqres.in/'
testSuite/deleteid.feature:3
19:49:18.675 [main]  INFO  com.intuit.karate.Suite - <<fail>> feature 1 of 1 (0 remaining) testSuite/deleteid.feature
